<?xml version="1.0" encoding="UTF-8"?>
<!-- Generated by org.testng.reporters.JUnitReportReporter -->
<testsuite hostname="narms-mystery-world" failures="0" tests="1" name="tests.LoginTest" time="2.747" errors="0" timestamp="2020-09-10T23:24:21 IST" skipped="0">
  <testcase classname="tests.LoginTest" name="login" time="2.747"/>
  <system-out/>
</testsuite> <!-- tests.LoginTest -->
